<?xml version="1.0" encoding="UTF-8"?>
<testsuite xmlns:xsi="http://www.w3.org/2001/XMLSchema-instance" xsi:noNamespaceSchemaLocation="https://maven.apache.org/surefire/maven-surefire-plugin/xsd/surefire-test-report.xsd" version="3.0.2" name="com.auction.shared.model.ItemValidationTest" time="0.073" tests="3" errors="0" skipped="0" failures="0">
  <properties>
[...]
</properties>
  <testcase name="vehicleStringYearMustBeNumeric" classname="com.auction.shared.model.ItemValidationTest" time="0.049"/>
  <testcase name="subclassSettersApplyTheSameValidation" classname="com.auction.shared.model.ItemValidationTest" time="0.003"/>
  <testcase name="itemSettersKeepCoreFieldsValid" classname="com.auction.shared.model.ItemValidationTest" time="0.002"/>
</testsuite>